
Showing logs for build [32msimonjamesrowe-environment-simo-bck9h-1[0m stage [32mfrom-build-pack[0m and container [32mcredential-initializer[0m
{"level":"info","ts":1609916711.0785344,"caller":"creds-init/main.go:44","msg":"Credentials initialized."}

Showing logs for build [32msimonjamesrowe-environment-simo-bck9h-1[0m stage [32mfrom-build-pack[0m and container [32mworking-dir-initializer[0m

Showing logs for build [32msimonjamesrowe-environment-simo-bck9h-1[0m stage [32mfrom-build-pack[0m and container [32mplace-tools[0m

Showing logs for build [32msimonjamesrowe-environment-simo-bck9h-1[0m stage [32mfrom-build-pack[0m and container [32mstep-git-source-simonjamesrowe-environment-simo-bck9h-fm8hr[0m
{"level":"info","ts":1609916717.3245652,"caller":"git/git.go:105","msg":"Successfully cloned https://github.com/simonjamesrowe/environment-simonjamesrowe-production.git @ master in path /workspace/source"}
{"level":"warn","ts":1609916717.3247685,"caller":"git/git.go:152","msg":"Unexpected error: creating symlink: symlink /tekton/home/.ssh /****/.ssh: file exists"}
{"level":"info","ts":1609916717.3755808,"caller":"git/git.go:133","msg":"Successfully initialized and updated submodules in path /workspace/source"}

Showing logs for build [32msimonjamesrowe-environment-simo-bck9h-1[0m stage [32mfrom-build-pack[0m and container [32mstep-setup-builder-home[0m

Showing logs for build [32msimonjamesrowe-environment-simo-bck9h-1[0m stage [32mfrom-build-pack[0m and container [32mstep-git-merge[0m
Using SHAs from PULL_REFS=master:8bb32c5502752a3366aebb2dd5a9cf6122f2a8a9,1:091baa486847628611d77c26070cc6ca24cf7b1f
DEBUG: JX_LOG_LEVEL=error LC_ALL=C git fetch origin --unshallow 091baa486847628611d77c26070cc6ca24cf7b1f: 8bb32c5502752a3366aebb2dd5a9cf6122f2a8a9:
DEBUG: ran git fetch --unshallow origin 091baa486847628611d77c26070cc6ca24cf7b1f: 8bb32c5502752a3366aebb2dd5a9cf6122f2a8a9: in 
DEBUG: LC_ALL=C JX_LOG_LEVEL=error git branch
DEBUG: LC_ALL=C JX_LOG_LEVEL=error git checkout master
DEBUG: ran git checkout master in 
DEBUG: LC_ALL=C JX_LOG_LEVEL=error git reset --hard 8bb32c5502752a3366aebb2dd5a9cf6122f2a8a9
DEBUG: ran git reset --hard 8bb32c5502752a3366aebb2dd5a9cf6122f2a8a9 in 
DEBUG: LC_ALL=C JX_LOG_LEVEL=error git clean -fd .
DEBUG: ran clean --force -d . in 
DEBUG: LC_ALL=C JX_LOG_LEVEL=error git merge 091baa486847628611d77c26070cc6ca24cf7b1f
DEBUG: ran git merge 091baa486847628611d77c26070cc6ca24cf7b1f in 
DEBUG: LC_ALL=C JX_LOG_LEVEL=error git log --format=%H%x1f%an%x1f%ae%x1f%cn%x1f%ce%x1f%s%n%b%x1e 8bb32c5502752a3366aebb2dd5a9cf6122f2a8a9..HEAD
Merged SHA 091baa486847628611d77c26070cc6ca24cf7b1f with commit message 'The command `** delete application` was run by rhianraftopoulos and it generated this Pull Request' into base branch master

Showing logs for build [32msimonjamesrowe-environment-simo-bck9h-1[0m stage [32mfrom-build-pack[0m and container [32mstep-build-helm-build[0m
WARNING: No $CHART_REPOSITORY defined so using the default value of: http://jenkins-x-chartmuseum:8080
Adding missing Helm repo: storage.googleapis.com https://storage.googleapis.com/chartmuseum.jenkins-x.io
Successfully added Helm repository storage.googleapis.com.
Adding missing Helm repo: jenkins-x-chartmuseum http://jenkins-x-chartmuseum:8080
Successfully added Helm repository jenkins-x-chartmuseum.
WARNING: No $CHART_REPOSITORY defined so using the default value of: http://jenkins-x-chartmuseum:8080
Adding missing Helm repo: chartmuseum.jenkins-x.io http://chartmuseum.jenkins-x.io
Successfully added Helm repository chartmuseum.jenkins-x.io.
